<?xml version="1.0" encoding="UTF-8"?>
<testsuite name="testRPS" tests="2" skipped="0" failures="0" errors="0" timestamp="2017-03-15T18:54:10" hostname="Epicodus-6E.local" time="0.001">
  <properties/>
  <testcase name="calculateWhoWins_AllTie" classname="testRPS" time="0.001"/>
  <testcase name="calculateWhoWins_RockOverScissors" classname="testRPS" time="0.0"/>
  <system-out><![CDATA[]]></system-out>
  <system-err><![CDATA[]]></system-err>
</testsuite>
